[2025-06-03 09:12:13 AM-train_semi_single_withsam.py-INFO:Network-Train]
[2025-06-03 09:12:13 AM-train_semi_single_withsam.py-INFO:Config: epoch: 300; lr: 0.0001; batchsize: 2; trainsize: 384; clip: 0.5; decay_rate: 0.1; load: None; save_path: ./snapshot/model_new/; decay_epoch: 80]
[2025-06-03 09:13:37 AM-train_semi_single_withsam.py-INFO:Network-Train]
[2025-06-03 09:13:37 AM-train_semi_single_withsam.py-INFO:Config: epoch: 300; lr: 0.0001; batchsize: 2; trainsize: 384; clip: 0.5; decay_rate: 0.1; load: None; save_path: ./snapshot/model_new/; decay_epoch: 80]
[2025-06-03 09:14:04 AM-train_semi_single_withsam.py-INFO:Network-Train]
[2025-06-03 09:14:04 AM-train_semi_single_withsam.py-INFO:Config: epoch: 300; lr: 0.0001; batchsize: 2; trainsize: 384; clip: 0.5; decay_rate: 0.1; load: None; save_path: ./snapshot/model_new/; decay_epoch: 80]
[2025-06-03 09:14:08 AM-_builder.py-INFO:Loading pretrained weights from Hugging Face hub (timm/resnet50.a1_in1k)]
[2025-06-03 09:14:18 AM-_hub.py-INFO:[timm/resnet50.a1_in1k] Safe alternative available for 'pytorch_model.bin' (as 'model.safetensors'). Loading weights using safetensors.]
[2025-06-03 09:14:18 AM-_builder.py-INFO:Missing keys (fc.weight, fc.bias) discovered while loading pretrained weights. This is expected if model is being adapted.]
[2025-06-03 09:14:18 AM-_builder.py-INFO:Loading pretrained weights from Hugging Face hub (timm/resnet50.a1_in1k)]
[2025-06-03 09:14:28 AM-_hub.py-INFO:[timm/resnet50.a1_in1k] Safe alternative available for 'pytorch_model.bin' (as 'model.safetensors'). Loading weights using safetensors.]
[2025-06-03 09:14:28 AM-_builder.py-INFO:Missing keys (fc.weight, fc.bias) discovered while loading pretrained weights. This is expected if model is being adapted.]
[2025-06-03 09:14:29 AM-train_semi_single_withsam.py-INFO:>>> current lr: 9.889536113510169e-05]
[2025-06-03 09:27:02 AM-train_semi_single_withsam.py-INFO:Network-Train]
[2025-06-03 09:27:02 AM-train_semi_single_withsam.py-INFO:Config: epoch: 300; lr: 0.0001; batchsize: 2; trainsize: 384; clip: 0.5; decay_rate: 0.1; load: None; save_path: ./snapshot/model_new/; decay_epoch: 80]
[2025-06-03 09:27:08 AM-_builder.py-INFO:Loading pretrained weights from Hugging Face hub (timm/resnet50.a1_in1k)]
[2025-06-03 09:27:18 AM-_hub.py-INFO:[timm/resnet50.a1_in1k] Safe alternative available for 'pytorch_model.bin' (as 'model.safetensors'). Loading weights using safetensors.]
[2025-06-03 09:27:18 AM-_builder.py-INFO:Missing keys (fc.weight, fc.bias) discovered while loading pretrained weights. This is expected if model is being adapted.]
[2025-06-03 09:27:18 AM-_builder.py-INFO:Loading pretrained weights from Hugging Face hub (timm/resnet50.a1_in1k)]
[2025-06-03 09:27:28 AM-_hub.py-INFO:[timm/resnet50.a1_in1k] Safe alternative available for 'pytorch_model.bin' (as 'model.safetensors'). Loading weights using safetensors.]
[2025-06-03 09:27:28 AM-_builder.py-INFO:Missing keys (fc.weight, fc.bias) discovered while loading pretrained weights. This is expected if model is being adapted.]
[2025-06-03 09:27:29 AM-train_semi_single_withsam.py-INFO:>>> current lr: 9.889536113510169e-05]
[2025-06-03 09:48:41 AM-train_semi_single_withsam.py-INFO:Network-Train]
[2025-06-03 09:48:41 AM-train_semi_single_withsam.py-INFO:Config: epoch: 300; lr: 0.0001; batchsize: 2; trainsize: 384; clip: 0.5; decay_rate: 0.1; load: None; save_path: ./snapshot/model_new/; decay_epoch: 80]
[2025-06-03 09:48:46 AM-_builder.py-INFO:Loading pretrained weights from Hugging Face hub (timm/resnet50.a1_in1k)]
[2025-06-03 09:48:56 AM-_hub.py-INFO:[timm/resnet50.a1_in1k] Safe alternative available for 'pytorch_model.bin' (as 'model.safetensors'). Loading weights using safetensors.]
[2025-06-03 09:48:57 AM-_builder.py-INFO:Missing keys (fc.weight, fc.bias) discovered while loading pretrained weights. This is expected if model is being adapted.]
[2025-06-03 09:48:57 AM-_builder.py-INFO:Loading pretrained weights from Hugging Face hub (timm/resnet50.a1_in1k)]
[2025-06-03 09:49:07 AM-_hub.py-INFO:[timm/resnet50.a1_in1k] Safe alternative available for 'pytorch_model.bin' (as 'model.safetensors'). Loading weights using safetensors.]
[2025-06-03 09:49:07 AM-_builder.py-INFO:Missing keys (fc.weight, fc.bias) discovered while loading pretrained weights. This is expected if model is being adapted.]
[2025-06-03 09:49:08 AM-train_semi_single_withsam.py-INFO:>>> current lr: 9.889536113510169e-05]
[2025-06-03 09:54:46 AM-train_semi_single_withsam.py-INFO:Network-Train]
[2025-06-03 09:54:46 AM-train_semi_single_withsam.py-INFO:Config: epoch: 300; lr: 0.0001; batchsize: 2; trainsize: 384; clip: 0.5; decay_rate: 0.1; load: None; save_path: ./snapshot/model_new/; decay_epoch: 80]
[2025-06-03 09:54:47 AM-_builder.py-INFO:Loading pretrained weights from Hugging Face hub (timm/resnet50.a1_in1k)]
[2025-06-03 09:54:57 AM-_hub.py-INFO:[timm/resnet50.a1_in1k] Safe alternative available for 'pytorch_model.bin' (as 'model.safetensors'). Loading weights using safetensors.]
[2025-06-03 09:54:57 AM-_builder.py-INFO:Missing keys (fc.weight, fc.bias) discovered while loading pretrained weights. This is expected if model is being adapted.]
[2025-06-03 09:54:58 AM-_builder.py-INFO:Loading pretrained weights from Hugging Face hub (timm/resnet50.a1_in1k)]
[2025-06-03 09:55:08 AM-_hub.py-INFO:[timm/resnet50.a1_in1k] Safe alternative available for 'pytorch_model.bin' (as 'model.safetensors'). Loading weights using safetensors.]
[2025-06-03 09:55:08 AM-_builder.py-INFO:Missing keys (fc.weight, fc.bias) discovered while loading pretrained weights. This is expected if model is being adapted.]
[2025-06-03 09:55:09 AM-train_semi_single_withsam.py-INFO:>>> current lr: 9.889536113510169e-05]
[2025-06-03 10:43:20 AM-train_semi_single_withsam.py-INFO:Network-Train]
[2025-06-03 10:43:20 AM-train_semi_single_withsam.py-INFO:Config: epoch: 300; lr: 0.0001; batchsize: 2; trainsize: 384; clip: 0.5; decay_rate: 0.1; load: None; save_path: ./snapshot/model_new/; decay_epoch: 80]
[2025-06-03 10:43:44 AM-train_semi_single_withsam.py-INFO:Network-Train]
[2025-06-03 10:43:44 AM-train_semi_single_withsam.py-INFO:Config: epoch: 300; lr: 0.0001; batchsize: 2; trainsize: 384; clip: 0.5; decay_rate: 0.1; load: None; save_path: ./snapshot/model_new/; decay_epoch: 80]
[2025-06-03 10:43:46 AM-_builder.py-INFO:Loading pretrained weights from Hugging Face hub (timm/resnet50.a1_in1k)]
[2025-06-03 10:43:56 AM-_hub.py-INFO:[timm/resnet50.a1_in1k] Safe alternative available for 'pytorch_model.bin' (as 'model.safetensors'). Loading weights using safetensors.]
[2025-06-03 10:43:56 AM-_builder.py-INFO:Missing keys (fc.weight, fc.bias) discovered while loading pretrained weights. This is expected if model is being adapted.]
[2025-06-03 10:43:57 AM-_builder.py-INFO:Loading pretrained weights from Hugging Face hub (timm/resnet50.a1_in1k)]
[2025-06-03 10:44:07 AM-_hub.py-INFO:[timm/resnet50.a1_in1k] Safe alternative available for 'pytorch_model.bin' (as 'model.safetensors'). Loading weights using safetensors.]
[2025-06-03 10:44:07 AM-_builder.py-INFO:Missing keys (fc.weight, fc.bias) discovered while loading pretrained weights. This is expected if model is being adapted.]
[2025-06-03 10:44:08 AM-train_semi_single_withsam.py-INFO:>>> current lr: 9.889536113510169e-05]
[2025-06-03 10:44:12 AM-train_semi_single_withsam.py-INFO:[Train Info]:Epoch [001/300], Step [0001/2020], Total_loss: 4.4440 Loss1: 3.7938 Loss2: 0.6502 ]
[2025-06-03 10:44:50 AM-train_semi_single_withsam.py-INFO:Network-Train]
[2025-06-03 10:44:50 AM-train_semi_single_withsam.py-INFO:Config: epoch: 300; lr: 0.0001; batchsize: 2; trainsize: 384; clip: 0.5; decay_rate: 0.1; load: None; save_path: ./snapshot/model_new/; decay_epoch: 80]
[2025-06-03 10:44:53 AM-_builder.py-INFO:Loading pretrained weights from Hugging Face hub (timm/resnet50.a1_in1k)]
[2025-06-03 10:45:03 AM-_hub.py-INFO:[timm/resnet50.a1_in1k] Safe alternative available for 'pytorch_model.bin' (as 'model.safetensors'). Loading weights using safetensors.]
[2025-06-03 10:45:03 AM-_builder.py-INFO:Missing keys (fc.weight, fc.bias) discovered while loading pretrained weights. This is expected if model is being adapted.]
[2025-06-03 10:45:04 AM-_builder.py-INFO:Loading pretrained weights from Hugging Face hub (timm/resnet50.a1_in1k)]
[2025-06-03 10:45:14 AM-_hub.py-INFO:[timm/resnet50.a1_in1k] Safe alternative available for 'pytorch_model.bin' (as 'model.safetensors'). Loading weights using safetensors.]
[2025-06-03 10:45:14 AM-_builder.py-INFO:Missing keys (fc.weight, fc.bias) discovered while loading pretrained weights. This is expected if model is being adapted.]
[2025-06-03 10:45:15 AM-train_semi_single_withsam.py-INFO:>>> current lr: 9.889536113510169e-05]
[2025-06-03 10:46:20 AM-train_semi_single_withsam.py-INFO:Network-Train]
[2025-06-03 10:46:20 AM-train_semi_single_withsam.py-INFO:Config: epoch: 300; lr: 0.0001; batchsize: 2; trainsize: 384; clip: 0.5; decay_rate: 0.1; load: None; save_path: ./snapshot/model_new/; decay_epoch: 80]
[2025-06-03 10:46:23 AM-_builder.py-INFO:Loading pretrained weights from Hugging Face hub (timm/resnet50.a1_in1k)]
[2025-06-03 10:46:33 AM-_hub.py-INFO:[timm/resnet50.a1_in1k] Safe alternative available for 'pytorch_model.bin' (as 'model.safetensors'). Loading weights using safetensors.]
[2025-06-03 10:46:33 AM-_builder.py-INFO:Missing keys (fc.weight, fc.bias) discovered while loading pretrained weights. This is expected if model is being adapted.]
[2025-06-03 10:46:34 AM-_builder.py-INFO:Loading pretrained weights from Hugging Face hub (timm/resnet50.a1_in1k)]
[2025-06-03 10:46:44 AM-_hub.py-INFO:[timm/resnet50.a1_in1k] Safe alternative available for 'pytorch_model.bin' (as 'model.safetensors'). Loading weights using safetensors.]
[2025-06-03 10:46:44 AM-_builder.py-INFO:Missing keys (fc.weight, fc.bias) discovered while loading pretrained weights. This is expected if model is being adapted.]
[2025-06-03 10:46:45 AM-train_semi_single_withsam.py-INFO:>>> current lr: 9.889536113510169e-05]
[2025-06-03 10:49:01 AM-train_semi_single_withsam.py-INFO:Network-Train]
[2025-06-03 10:49:01 AM-train_semi_single_withsam.py-INFO:Config: epoch: 300; lr: 0.0001; batchsize: 2; trainsize: 384; clip: 0.5; decay_rate: 0.1; load: None; save_path: ./snapshot/model_new/; decay_epoch: 80]
[2025-06-03 10:49:04 AM-_builder.py-INFO:Loading pretrained weights from Hugging Face hub (timm/resnet50.a1_in1k)]
[2025-06-03 10:49:14 AM-_hub.py-INFO:[timm/resnet50.a1_in1k] Safe alternative available for 'pytorch_model.bin' (as 'model.safetensors'). Loading weights using safetensors.]
[2025-06-03 10:49:14 AM-_builder.py-INFO:Missing keys (fc.weight, fc.bias) discovered while loading pretrained weights. This is expected if model is being adapted.]
[2025-06-03 10:49:15 AM-_builder.py-INFO:Loading pretrained weights from Hugging Face hub (timm/resnet50.a1_in1k)]
[2025-06-03 10:49:25 AM-_hub.py-INFO:[timm/resnet50.a1_in1k] Safe alternative available for 'pytorch_model.bin' (as 'model.safetensors'). Loading weights using safetensors.]
[2025-06-03 10:49:25 AM-_builder.py-INFO:Missing keys (fc.weight, fc.bias) discovered while loading pretrained weights. This is expected if model is being adapted.]
[2025-06-03 10:49:26 AM-train_semi_single_withsam.py-INFO:>>> current lr: 9.889536113510169e-05]
[2025-06-03 10:50:02 AM-train_semi_single_withsam.py-INFO:Network-Train]
[2025-06-03 10:50:02 AM-train_semi_single_withsam.py-INFO:Config: epoch: 300; lr: 0.0001; batchsize: 2; trainsize: 384; clip: 0.5; decay_rate: 0.1; load: None; save_path: ./snapshot/model_new/; decay_epoch: 80]
[2025-06-03 10:50:05 AM-_builder.py-INFO:Loading pretrained weights from Hugging Face hub (timm/resnet50.a1_in1k)]
[2025-06-03 10:50:15 AM-_hub.py-INFO:[timm/resnet50.a1_in1k] Safe alternative available for 'pytorch_model.bin' (as 'model.safetensors'). Loading weights using safetensors.]
[2025-06-03 10:50:15 AM-_builder.py-INFO:Missing keys (fc.weight, fc.bias) discovered while loading pretrained weights. This is expected if model is being adapted.]
[2025-06-03 10:50:16 AM-_builder.py-INFO:Loading pretrained weights from Hugging Face hub (timm/resnet50.a1_in1k)]
[2025-06-03 10:50:26 AM-_hub.py-INFO:[timm/resnet50.a1_in1k] Safe alternative available for 'pytorch_model.bin' (as 'model.safetensors'). Loading weights using safetensors.]
[2025-06-03 10:50:26 AM-_builder.py-INFO:Missing keys (fc.weight, fc.bias) discovered while loading pretrained weights. This is expected if model is being adapted.]
[2025-06-03 10:50:27 AM-train_semi_single_withsam.py-INFO:>>> current lr: 9.889536113510169e-05]
[2025-06-03 10:52:03 AM-train_semi_single_withsam.py-INFO:Network-Train]
[2025-06-03 10:52:03 AM-train_semi_single_withsam.py-INFO:Config: epoch: 300; lr: 0.0001; batchsize: 2; trainsize: 384; clip: 0.5; decay_rate: 0.1; load: None; save_path: ./snapshot/model_new/; decay_epoch: 80]
[2025-06-03 10:52:06 AM-_builder.py-INFO:Loading pretrained weights from Hugging Face hub (timm/resnet50.a1_in1k)]
[2025-06-03 10:52:16 AM-_hub.py-INFO:[timm/resnet50.a1_in1k] Safe alternative available for 'pytorch_model.bin' (as 'model.safetensors'). Loading weights using safetensors.]
[2025-06-03 10:52:17 AM-_builder.py-INFO:Missing keys (fc.weight, fc.bias) discovered while loading pretrained weights. This is expected if model is being adapted.]
[2025-06-03 10:52:17 AM-_builder.py-INFO:Loading pretrained weights from Hugging Face hub (timm/resnet50.a1_in1k)]
[2025-06-03 10:52:27 AM-_hub.py-INFO:[timm/resnet50.a1_in1k] Safe alternative available for 'pytorch_model.bin' (as 'model.safetensors'). Loading weights using safetensors.]
[2025-06-03 10:52:27 AM-_builder.py-INFO:Missing keys (fc.weight, fc.bias) discovered while loading pretrained weights. This is expected if model is being adapted.]
[2025-06-03 10:52:28 AM-train_semi_single_withsam.py-INFO:>>> current lr: 9.889536113510169e-05]
[2025-06-03 11:04:19 AM-train_semi_single_withsam.py-INFO:Network-Train]
[2025-06-03 11:04:19 AM-train_semi_single_withsam.py-INFO:Config: epoch: 300; lr: 0.0001; batchsize: 2; trainsize: 384; clip: 0.5; decay_rate: 0.1; load: None; save_path: ./snapshot/model_new/; decay_epoch: 80]
[2025-06-03 11:04:25 AM-_builder.py-INFO:Loading pretrained weights from Hugging Face hub (timm/resnet50.a1_in1k)]
[2025-06-03 11:04:35 AM-_hub.py-INFO:[timm/resnet50.a1_in1k] Safe alternative available for 'pytorch_model.bin' (as 'model.safetensors'). Loading weights using safetensors.]
[2025-06-03 11:04:35 AM-_builder.py-INFO:Missing keys (fc.weight, fc.bias) discovered while loading pretrained weights. This is expected if model is being adapted.]
[2025-06-03 11:04:35 AM-_builder.py-INFO:Loading pretrained weights from Hugging Face hub (timm/resnet50.a1_in1k)]
[2025-06-03 11:04:45 AM-_hub.py-INFO:[timm/resnet50.a1_in1k] Safe alternative available for 'pytorch_model.bin' (as 'model.safetensors'). Loading weights using safetensors.]
[2025-06-03 11:04:45 AM-_builder.py-INFO:Missing keys (fc.weight, fc.bias) discovered while loading pretrained weights. This is expected if model is being adapted.]
[2025-06-03 11:04:46 AM-train_semi_single_withsam.py-INFO:>>> current lr: 9.889536113510169e-05]
[2025-06-03 11:09:53 AM-train_semi_single_withsam.py-INFO:Network-Train]
[2025-06-03 11:09:53 AM-train_semi_single_withsam.py-INFO:Config: epoch: 300; lr: 0.0001; batchsize: 2; trainsize: 384; clip: 0.5; decay_rate: 0.1; load: None; save_path: ./snapshot/model_new/; decay_epoch: 80]
[2025-06-03 11:09:59 AM-_builder.py-INFO:Loading pretrained weights from Hugging Face hub (timm/resnet50.a1_in1k)]
[2025-06-03 11:10:09 AM-_hub.py-INFO:[timm/resnet50.a1_in1k] Safe alternative available for 'pytorch_model.bin' (as 'model.safetensors'). Loading weights using safetensors.]
[2025-06-03 11:10:09 AM-_builder.py-INFO:Missing keys (fc.weight, fc.bias) discovered while loading pretrained weights. This is expected if model is being adapted.]
[2025-06-03 11:10:09 AM-_builder.py-INFO:Loading pretrained weights from Hugging Face hub (timm/resnet50.a1_in1k)]
[2025-06-03 11:10:19 AM-_hub.py-INFO:[timm/resnet50.a1_in1k] Safe alternative available for 'pytorch_model.bin' (as 'model.safetensors'). Loading weights using safetensors.]
[2025-06-03 11:10:19 AM-_builder.py-INFO:Missing keys (fc.weight, fc.bias) discovered while loading pretrained weights. This is expected if model is being adapted.]
[2025-06-03 11:10:20 AM-train_semi_single_withsam.py-INFO:>>> current lr: 9.889536113510169e-05]
[2025-06-04 08:49:57 AM-train_semi_single_withsam.py-INFO:Network-Train]
[2025-06-04 08:49:57 AM-train_semi_single_withsam.py-INFO:Config: epoch: 300; lr: 0.0001; batchsize: 2; trainsize: 384; clip: 0.5; decay_rate: 0.1; load: None; save_path: ./snapshot/model_new/; decay_epoch: 80]
[2025-06-04 08:50:03 AM-_builder.py-INFO:Loading pretrained weights from Hugging Face hub (timm/resnet50.a1_in1k)]
[2025-06-04 08:50:04 AM-_hub.py-INFO:[timm/resnet50.a1_in1k] Safe alternative available for 'pytorch_model.bin' (as 'model.safetensors'). Loading weights using safetensors.]
[2025-06-04 08:50:04 AM-_builder.py-INFO:Missing keys (fc.weight, fc.bias) discovered while loading pretrained weights. This is expected if model is being adapted.]
[2025-06-04 08:50:04 AM-_builder.py-INFO:Loading pretrained weights from Hugging Face hub (timm/resnet50.a1_in1k)]
[2025-06-04 08:50:05 AM-_hub.py-INFO:[timm/resnet50.a1_in1k] Safe alternative available for 'pytorch_model.bin' (as 'model.safetensors'). Loading weights using safetensors.]
[2025-06-04 08:50:05 AM-_builder.py-INFO:Missing keys (fc.weight, fc.bias) discovered while loading pretrained weights. This is expected if model is being adapted.]
[2025-06-04 08:50:06 AM-train_semi_single_withsam.py-INFO:>>> current lr: 9.889536113510169e-05]
[2025-06-04 08:53:34 AM-train_semi_single_withsam.py-INFO:Network-Train]
[2025-06-04 08:53:34 AM-train_semi_single_withsam.py-INFO:Config: epoch: 300; lr: 0.0001; batchsize: 2; trainsize: 384; clip: 0.5; decay_rate: 0.1; load: None; save_path: ./snapshot/model_new/; decay_epoch: 80]
[2025-06-04 08:53:40 AM-_builder.py-INFO:Loading pretrained weights from Hugging Face hub (timm/resnet50.a1_in1k)]
[2025-06-04 08:53:40 AM-_hub.py-INFO:[timm/resnet50.a1_in1k] Safe alternative available for 'pytorch_model.bin' (as 'model.safetensors'). Loading weights using safetensors.]
[2025-06-04 08:53:40 AM-_builder.py-INFO:Missing keys (fc.weight, fc.bias) discovered while loading pretrained weights. This is expected if model is being adapted.]
[2025-06-04 08:53:41 AM-_builder.py-INFO:Loading pretrained weights from Hugging Face hub (timm/resnet50.a1_in1k)]
[2025-06-04 08:53:42 AM-_hub.py-INFO:[timm/resnet50.a1_in1k] Safe alternative available for 'pytorch_model.bin' (as 'model.safetensors'). Loading weights using safetensors.]
[2025-06-04 08:53:42 AM-_builder.py-INFO:Missing keys (fc.weight, fc.bias) discovered while loading pretrained weights. This is expected if model is being adapted.]
[2025-06-04 08:53:42 AM-train_semi_single_withsam.py-INFO:>>> current lr: 9.889536113510169e-05]
[2025-06-04 08:56:10 AM-train_semi_single_withsam.py-INFO:Network-Train]
[2025-06-04 08:56:10 AM-train_semi_single_withsam.py-INFO:Config: epoch: 300; lr: 0.0001; batchsize: 2; trainsize: 384; clip: 0.5; decay_rate: 0.1; load: None; save_path: ./snapshot/model_new/; decay_epoch: 80]
[2025-06-04 08:56:13 AM-_builder.py-INFO:Loading pretrained weights from Hugging Face hub (timm/resnet50.a1_in1k)]
[2025-06-04 08:57:46 AM-train_semi_single_withsam.py-INFO:Network-Train]
[2025-06-04 08:57:46 AM-train_semi_single_withsam.py-INFO:Config: epoch: 300; lr: 0.0001; batchsize: 2; trainsize: 384; clip: 0.5; decay_rate: 0.1; load: None; save_path: ./snapshot/model_new/; decay_epoch: 80]
[2025-06-04 08:57:50 AM-_builder.py-INFO:Loading pretrained weights from Hugging Face hub (timm/resnet50.a1_in1k)]
[2025-06-04 08:57:51 AM-_hub.py-INFO:[timm/resnet50.a1_in1k] Safe alternative available for 'pytorch_model.bin' (as 'model.safetensors'). Loading weights using safetensors.]
[2025-06-04 08:57:51 AM-_builder.py-INFO:Missing keys (fc.weight, fc.bias) discovered while loading pretrained weights. This is expected if model is being adapted.]
[2025-06-04 08:57:51 AM-_builder.py-INFO:Loading pretrained weights from Hugging Face hub (timm/resnet50.a1_in1k)]
[2025-06-04 08:57:52 AM-_hub.py-INFO:[timm/resnet50.a1_in1k] Safe alternative available for 'pytorch_model.bin' (as 'model.safetensors'). Loading weights using safetensors.]
[2025-06-04 08:57:52 AM-_builder.py-INFO:Missing keys (fc.weight, fc.bias) discovered while loading pretrained weights. This is expected if model is being adapted.]
[2025-06-04 08:57:52 AM-train_semi_single_withsam.py-INFO:>>> current lr: 9.889536113510169e-05]
[2025-06-04 09:03:29 AM-train_semi_single_withsam.py-INFO:Network-Train]
[2025-06-04 09:03:29 AM-train_semi_single_withsam.py-INFO:Config: epoch: 300; lr: 0.0001; batchsize: 2; trainsize: 384; clip: 0.5; decay_rate: 0.1; load: None; save_path: ./snapshot/model_new/; decay_epoch: 80]
[2025-06-04 09:03:32 AM-_builder.py-INFO:Loading pretrained weights from Hugging Face hub (timm/resnet50.a1_in1k)]
[2025-06-04 09:03:33 AM-_hub.py-INFO:[timm/resnet50.a1_in1k] Safe alternative available for 'pytorch_model.bin' (as 'model.safetensors'). Loading weights using safetensors.]
[2025-06-04 09:03:33 AM-_builder.py-INFO:Missing keys (fc.weight, fc.bias) discovered while loading pretrained weights. This is expected if model is being adapted.]
[2025-06-04 09:03:33 AM-_builder.py-INFO:Loading pretrained weights from Hugging Face hub (timm/resnet50.a1_in1k)]
[2025-06-04 09:03:34 AM-_hub.py-INFO:[timm/resnet50.a1_in1k] Safe alternative available for 'pytorch_model.bin' (as 'model.safetensors'). Loading weights using safetensors.]
[2025-06-04 09:03:34 AM-_builder.py-INFO:Missing keys (fc.weight, fc.bias) discovered while loading pretrained weights. This is expected if model is being adapted.]
[2025-06-04 09:03:35 AM-train_semi_single_withsam.py-INFO:>>> current lr: 9.889536113510169e-05]
[2025-06-06 09:19:01 AM-train_semi_single_withsam.py-INFO:Network-Train]
[2025-06-06 09:19:01 AM-train_semi_single_withsam.py-INFO:Config: epoch: 300; lr: 0.0001; batchsize: 2; trainsize: 384; clip: 0.5; decay_rate: 0.1; load: None; save_path: ./snapshot/model_new/; decay_epoch: 80]
[2025-06-06 09:19:07 AM-_builder.py-INFO:Loading pretrained weights from Hugging Face hub (timm/resnet50.a1_in1k)]
[2025-06-06 09:19:07 AM-_hub.py-INFO:[timm/resnet50.a1_in1k] Safe alternative available for 'pytorch_model.bin' (as 'model.safetensors'). Loading weights using safetensors.]
[2025-06-06 09:19:07 AM-_builder.py-INFO:Missing keys (fc.weight, fc.bias) discovered while loading pretrained weights. This is expected if model is being adapted.]
[2025-06-06 09:19:08 AM-_builder.py-INFO:Loading pretrained weights from Hugging Face hub (timm/resnet50.a1_in1k)]
[2025-06-06 09:19:08 AM-_hub.py-INFO:[timm/resnet50.a1_in1k] Safe alternative available for 'pytorch_model.bin' (as 'model.safetensors'). Loading weights using safetensors.]
[2025-06-06 09:19:08 AM-_builder.py-INFO:Missing keys (fc.weight, fc.bias) discovered while loading pretrained weights. This is expected if model is being adapted.]
[2025-06-06 09:19:09 AM-train_semi_single_withsam.py-INFO:>>> current lr: 9.889536113510169e-05]
[2025-06-06 09:22:37 AM-train_semi_single_withsam.py-INFO:Network-Train]
[2025-06-06 09:22:37 AM-train_semi_single_withsam.py-INFO:Config: epoch: 300; lr: 0.0001; batchsize: 2; trainsize: 384; clip: 0.5; decay_rate: 0.1; load: None; save_path: ./snapshot/model_new/; decay_epoch: 80]
[2025-06-06 09:22:42 AM-_builder.py-INFO:Loading pretrained weights from Hugging Face hub (timm/resnet50.a1_in1k)]
[2025-06-06 09:22:43 AM-_hub.py-INFO:[timm/resnet50.a1_in1k] Safe alternative available for 'pytorch_model.bin' (as 'model.safetensors'). Loading weights using safetensors.]
[2025-06-06 09:22:43 AM-_builder.py-INFO:Missing keys (fc.weight, fc.bias) discovered while loading pretrained weights. This is expected if model is being adapted.]
[2025-06-06 09:22:43 AM-_builder.py-INFO:Loading pretrained weights from Hugging Face hub (timm/resnet50.a1_in1k)]
[2025-06-06 09:22:44 AM-_hub.py-INFO:[timm/resnet50.a1_in1k] Safe alternative available for 'pytorch_model.bin' (as 'model.safetensors'). Loading weights using safetensors.]
[2025-06-06 09:22:44 AM-_builder.py-INFO:Missing keys (fc.weight, fc.bias) discovered while loading pretrained weights. This is expected if model is being adapted.]
[2025-06-06 09:22:44 AM-train_semi_single_withsam.py-INFO:>>> current lr: 9.889536113510169e-05]
[2025-06-06 09:23:39 AM-train_semi_single_withsam.py-INFO:[Train Info]:Epoch [001/300], Step [0001/2020], Total_loss: 4.6966 Loss1: 4.0276 Loss2: 0.6690 ]
[2025-06-07 08:37:26 AM-train_semi_single_withsmall.py-INFO:Network-Train]
[2025-06-07 08:37:26 AM-train_semi_single_withsmall.py-INFO:Config: epoch: 300; lr: 0.0001; batchsize: 2; trainsize: 384; clip: 0.5; decay_rate: 0.1; load: None; save_path: ./snapshot/model_new/; decay_epoch: 80]
[2025-06-07 08:37:31 AM-_builder.py-INFO:Loading pretrained weights from Hugging Face hub (timm/resnet50.a1_in1k)]
[2025-06-07 08:37:31 AM-_hub.py-INFO:[timm/resnet50.a1_in1k] Safe alternative available for 'pytorch_model.bin' (as 'model.safetensors'). Loading weights using safetensors.]
[2025-06-07 08:37:31 AM-_builder.py-INFO:Missing keys (fc.weight, fc.bias) discovered while loading pretrained weights. This is expected if model is being adapted.]
[2025-06-07 08:37:32 AM-_builder.py-INFO:Loading pretrained weights from Hugging Face hub (timm/resnet50.a1_in1k)]
[2025-06-07 08:37:33 AM-_hub.py-INFO:[timm/resnet50.a1_in1k] Safe alternative available for 'pytorch_model.bin' (as 'model.safetensors'). Loading weights using safetensors.]
[2025-06-07 08:37:33 AM-_builder.py-INFO:Missing keys (fc.weight, fc.bias) discovered while loading pretrained weights. This is expected if model is being adapted.]
[2025-06-07 08:37:33 AM-_builder.py-INFO:Loading pretrained weights from Hugging Face hub (timm/resnet50.a1_in1k)]
[2025-06-07 08:37:34 AM-_hub.py-INFO:[timm/resnet50.a1_in1k] Safe alternative available for 'pytorch_model.bin' (as 'model.safetensors'). Loading weights using safetensors.]
[2025-06-07 08:37:34 AM-_builder.py-INFO:Missing keys (fc.weight, fc.bias) discovered while loading pretrained weights. This is expected if model is being adapted.]
[2025-06-07 08:37:35 AM-train_semi_single_withsmall.py-INFO:>>> current lr: 9.889536113510169e-05]
[2025-06-07 08:39:44 AM-train_semi_single_withsmall.py-INFO:Network-Train]
[2025-06-07 08:39:44 AM-train_semi_single_withsmall.py-INFO:Config: epoch: 300; lr: 0.0001; batchsize: 2; trainsize: 384; clip: 0.5; decay_rate: 0.1; load: None; save_path: ./snapshot/model_new/; decay_epoch: 80]
[2025-06-07 08:39:48 AM-_builder.py-INFO:Loading pretrained weights from Hugging Face hub (timm/resnet50.a1_in1k)]
[2025-06-07 08:39:49 AM-_hub.py-INFO:[timm/resnet50.a1_in1k] Safe alternative available for 'pytorch_model.bin' (as 'model.safetensors'). Loading weights using safetensors.]
[2025-06-07 08:39:49 AM-_builder.py-INFO:Missing keys (fc.weight, fc.bias) discovered while loading pretrained weights. This is expected if model is being adapted.]
[2025-06-07 08:39:50 AM-_builder.py-INFO:Loading pretrained weights from Hugging Face hub (timm/resnet50.a1_in1k)]
[2025-06-07 08:39:51 AM-_hub.py-INFO:[timm/resnet50.a1_in1k] Safe alternative available for 'pytorch_model.bin' (as 'model.safetensors'). Loading weights using safetensors.]
[2025-06-07 08:39:51 AM-_builder.py-INFO:Missing keys (fc.weight, fc.bias) discovered while loading pretrained weights. This is expected if model is being adapted.]
[2025-06-07 08:39:51 AM-_builder.py-INFO:Loading pretrained weights from Hugging Face hub (timm/resnet50.a1_in1k)]
[2025-06-07 08:39:52 AM-_hub.py-INFO:[timm/resnet50.a1_in1k] Safe alternative available for 'pytorch_model.bin' (as 'model.safetensors'). Loading weights using safetensors.]
[2025-06-07 08:39:52 AM-_builder.py-INFO:Missing keys (fc.weight, fc.bias) discovered while loading pretrained weights. This is expected if model is being adapted.]
[2025-06-07 08:39:53 AM-train_semi_single_withsmall.py-INFO:>>> current lr: 9.889536113510169e-05]
[2025-06-07 08:39:56 AM-train_semi_single_withsmall.py-INFO:[Train Info]:Epoch [001/300], Step [0001/2020], Total_loss: 4.1807 Loss1: 3.5893 Loss2: 0.5914 ]
[2025-06-07 08:40:09 AM-train_semi_single_withsmall.py-INFO:Network-Train]
[2025-06-07 08:40:09 AM-train_semi_single_withsmall.py-INFO:Config: epoch: 300; lr: 0.0001; batchsize: 2; trainsize: 384; clip: 0.5; decay_rate: 0.1; load: None; save_path: ./snapshot/model_new/; decay_epoch: 80]
[2025-06-07 08:40:12 AM-_builder.py-INFO:Loading pretrained weights from Hugging Face hub (timm/resnet50.a1_in1k)]
[2025-06-07 08:40:12 AM-_hub.py-INFO:[timm/resnet50.a1_in1k] Safe alternative available for 'pytorch_model.bin' (as 'model.safetensors'). Loading weights using safetensors.]
[2025-06-07 08:40:12 AM-_builder.py-INFO:Missing keys (fc.weight, fc.bias) discovered while loading pretrained weights. This is expected if model is being adapted.]
[2025-06-07 08:40:13 AM-_builder.py-INFO:Loading pretrained weights from Hugging Face hub (timm/resnet50.a1_in1k)]
[2025-06-07 08:40:13 AM-_hub.py-INFO:[timm/resnet50.a1_in1k] Safe alternative available for 'pytorch_model.bin' (as 'model.safetensors'). Loading weights using safetensors.]
[2025-06-07 08:40:13 AM-_builder.py-INFO:Missing keys (fc.weight, fc.bias) discovered while loading pretrained weights. This is expected if model is being adapted.]
[2025-06-07 08:40:14 AM-_builder.py-INFO:Loading pretrained weights from Hugging Face hub (timm/resnet50.a1_in1k)]
[2025-06-07 08:40:14 AM-_hub.py-INFO:[timm/resnet50.a1_in1k] Safe alternative available for 'pytorch_model.bin' (as 'model.safetensors'). Loading weights using safetensors.]
[2025-06-07 08:40:14 AM-_builder.py-INFO:Missing keys (fc.weight, fc.bias) discovered while loading pretrained weights. This is expected if model is being adapted.]
[2025-06-07 08:40:15 AM-train_semi_single_withsmall.py-INFO:>>> current lr: 9.889536113510169e-05]
[2025-06-07 08:42:20 AM-train_semi_single_withsmall.py-INFO:Network-Train]
[2025-06-07 08:42:20 AM-train_semi_single_withsmall.py-INFO:Config: epoch: 300; lr: 0.0001; batchsize: 2; trainsize: 384; clip: 0.5; decay_rate: 0.1; load: None; save_path: ./snapshot/model_new/; decay_epoch: 80]
[2025-06-07 08:42:23 AM-_builder.py-INFO:Loading pretrained weights from Hugging Face hub (timm/resnet50.a1_in1k)]
[2025-06-07 08:42:23 AM-_hub.py-INFO:[timm/resnet50.a1_in1k] Safe alternative available for 'pytorch_model.bin' (as 'model.safetensors'). Loading weights using safetensors.]
[2025-06-07 08:42:23 AM-_builder.py-INFO:Missing keys (fc.weight, fc.bias) discovered while loading pretrained weights. This is expected if model is being adapted.]
[2025-06-07 08:42:24 AM-_builder.py-INFO:Loading pretrained weights from Hugging Face hub (timm/resnet50.a1_in1k)]
[2025-06-07 08:42:24 AM-_hub.py-INFO:[timm/resnet50.a1_in1k] Safe alternative available for 'pytorch_model.bin' (as 'model.safetensors'). Loading weights using safetensors.]
[2025-06-07 08:42:24 AM-_builder.py-INFO:Missing keys (fc.weight, fc.bias) discovered while loading pretrained weights. This is expected if model is being adapted.]
[2025-06-07 08:42:25 AM-_builder.py-INFO:Loading pretrained weights from Hugging Face hub (timm/resnet50.a1_in1k)]
[2025-06-07 08:42:25 AM-_hub.py-INFO:[timm/resnet50.a1_in1k] Safe alternative available for 'pytorch_model.bin' (as 'model.safetensors'). Loading weights using safetensors.]
[2025-06-07 08:42:25 AM-_builder.py-INFO:Missing keys (fc.weight, fc.bias) discovered while loading pretrained weights. This is expected if model is being adapted.]
[2025-06-07 08:42:26 AM-train_semi_single_withsmall.py-INFO:>>> current lr: 9.889536113510169e-05]
[2025-06-07 09:17:46 AM-train_semi_single_withsmall.py-INFO:Network-Train]
[2025-06-07 09:17:46 AM-train_semi_single_withsmall.py-INFO:Config: epoch: 300; lr: 0.0001; batchsize: 2; trainsize: 384; clip: 0.5; decay_rate: 0.1; load: None; save_path: ./snapshot/model_new/; decay_epoch: 80]
[2025-06-07 09:17:51 AM-_builder.py-INFO:Loading pretrained weights from Hugging Face hub (timm/resnet50.a1_in1k)]
[2025-06-07 09:17:52 AM-_hub.py-INFO:[timm/resnet50.a1_in1k] Safe alternative available for 'pytorch_model.bin' (as 'model.safetensors'). Loading weights using safetensors.]
[2025-06-07 09:17:52 AM-_builder.py-INFO:Missing keys (fc.weight, fc.bias) discovered while loading pretrained weights. This is expected if model is being adapted.]
[2025-06-07 09:17:53 AM-_builder.py-INFO:Loading pretrained weights from Hugging Face hub (timm/resnet50.a1_in1k)]
[2025-06-07 09:17:53 AM-_hub.py-INFO:[timm/resnet50.a1_in1k] Safe alternative available for 'pytorch_model.bin' (as 'model.safetensors'). Loading weights using safetensors.]
[2025-06-07 09:17:53 AM-_builder.py-INFO:Missing keys (fc.weight, fc.bias) discovered while loading pretrained weights. This is expected if model is being adapted.]
[2025-06-07 09:17:54 AM-_builder.py-INFO:Loading pretrained weights from Hugging Face hub (timm/resnet50.a1_in1k)]
[2025-06-07 09:17:54 AM-_hub.py-INFO:[timm/resnet50.a1_in1k] Safe alternative available for 'pytorch_model.bin' (as 'model.safetensors'). Loading weights using safetensors.]
[2025-06-07 09:17:54 AM-_builder.py-INFO:Missing keys (fc.weight, fc.bias) discovered while loading pretrained weights. This is expected if model is being adapted.]
[2025-06-07 09:17:55 AM-train_semi_single_withsmall.py-INFO:>>> current lr: 9.889536113510169e-05]
[2025-06-07 09:23:19 AM-train_semi_single_withsmall.py-INFO:Network-Train]
[2025-06-07 09:23:19 AM-train_semi_single_withsmall.py-INFO:Config: epoch: 300; lr: 0.0001; batchsize: 2; trainsize: 384; clip: 0.5; decay_rate: 0.1; load: None; save_path: ./snapshot/model_new/; decay_epoch: 80]
[2025-06-07 09:23:24 AM-_builder.py-INFO:Loading pretrained weights from Hugging Face hub (timm/resnet50.a1_in1k)]
[2025-06-07 09:23:25 AM-_hub.py-INFO:[timm/resnet50.a1_in1k] Safe alternative available for 'pytorch_model.bin' (as 'model.safetensors'). Loading weights using safetensors.]
[2025-06-07 09:23:25 AM-_builder.py-INFO:Missing keys (fc.weight, fc.bias) discovered while loading pretrained weights. This is expected if model is being adapted.]
[2025-06-07 09:23:26 AM-_builder.py-INFO:Loading pretrained weights from Hugging Face hub (timm/resnet50.a1_in1k)]
[2025-06-07 09:23:26 AM-_hub.py-INFO:[timm/resnet50.a1_in1k] Safe alternative available for 'pytorch_model.bin' (as 'model.safetensors'). Loading weights using safetensors.]
[2025-06-07 09:23:26 AM-_builder.py-INFO:Missing keys (fc.weight, fc.bias) discovered while loading pretrained weights. This is expected if model is being adapted.]
[2025-06-07 09:23:27 AM-_builder.py-INFO:Loading pretrained weights from Hugging Face hub (timm/resnet50.a1_in1k)]
[2025-06-07 09:23:27 AM-_hub.py-INFO:[timm/resnet50.a1_in1k] Safe alternative available for 'pytorch_model.bin' (as 'model.safetensors'). Loading weights using safetensors.]
[2025-06-07 09:23:27 AM-_builder.py-INFO:Missing keys (fc.weight, fc.bias) discovered while loading pretrained weights. This is expected if model is being adapted.]
[2025-06-07 09:23:28 AM-train_semi_single_withsmall.py-INFO:>>> current lr: 9.889536113510169e-05]
[2025-06-07 09:26:07 AM-train_semi_single_withsmall.py-INFO:[Train Info]:Epoch [001/300], Step [0001/2020], Total_loss: 4.4507 Loss1: 3.8744 Loss2: 0.5763 ]
[2025-06-07 09:34:25 AM-train_semi_single_withsmall.py-INFO:Network-Train]
[2025-06-07 09:34:25 AM-train_semi_single_withsmall.py-INFO:Config: epoch: 300; lr: 0.0001; batchsize: 2; trainsize: 384; clip: 0.5; decay_rate: 0.1; load: None; save_path: ./snapshot/model_new/; decay_epoch: 80]
[2025-06-07 09:34:30 AM-_builder.py-INFO:Loading pretrained weights from Hugging Face hub (timm/resnet50.a1_in1k)]
[2025-06-07 09:34:30 AM-_hub.py-INFO:[timm/resnet50.a1_in1k] Safe alternative available for 'pytorch_model.bin' (as 'model.safetensors'). Loading weights using safetensors.]
[2025-06-07 09:34:31 AM-_builder.py-INFO:Missing keys (fc.weight, fc.bias) discovered while loading pretrained weights. This is expected if model is being adapted.]
[2025-06-07 09:34:31 AM-_builder.py-INFO:Loading pretrained weights from Hugging Face hub (timm/resnet50.a1_in1k)]
[2025-06-07 09:34:32 AM-_hub.py-INFO:[timm/resnet50.a1_in1k] Safe alternative available for 'pytorch_model.bin' (as 'model.safetensors'). Loading weights using safetensors.]
[2025-06-07 09:34:32 AM-_builder.py-INFO:Missing keys (fc.weight, fc.bias) discovered while loading pretrained weights. This is expected if model is being adapted.]
[2025-06-07 09:34:32 AM-_builder.py-INFO:Loading pretrained weights from Hugging Face hub (timm/resnet50.a1_in1k)]
[2025-06-07 09:34:33 AM-_hub.py-INFO:[timm/resnet50.a1_in1k] Safe alternative available for 'pytorch_model.bin' (as 'model.safetensors'). Loading weights using safetensors.]
[2025-06-07 09:34:33 AM-_builder.py-INFO:Missing keys (fc.weight, fc.bias) discovered while loading pretrained weights. This is expected if model is being adapted.]
[2025-06-07 09:34:34 AM-train_semi_single_withsmall.py-INFO:>>> current lr: 9.889536113510169e-05]
[2025-06-07 09:42:56 AM-train_semi_single_withsmall.py-INFO:Network-Train]
[2025-06-07 09:42:56 AM-train_semi_single_withsmall.py-INFO:Config: epoch: 300; lr: 0.0001; batchsize: 2; trainsize: 384; clip: 0.5; decay_rate: 0.1; load: None; save_path: ./snapshot/model_new/; decay_epoch: 80]
[2025-06-07 09:42:59 AM-_builder.py-INFO:Loading pretrained weights from Hugging Face hub (timm/resnet50.a1_in1k)]
[2025-06-07 09:43:00 AM-_hub.py-INFO:[timm/resnet50.a1_in1k] Safe alternative available for 'pytorch_model.bin' (as 'model.safetensors'). Loading weights using safetensors.]
[2025-06-07 09:43:00 AM-_builder.py-INFO:Missing keys (fc.weight, fc.bias) discovered while loading pretrained weights. This is expected if model is being adapted.]
[2025-06-07 09:43:00 AM-_builder.py-INFO:Loading pretrained weights from Hugging Face hub (timm/resnet50.a1_in1k)]
[2025-06-07 09:43:01 AM-_hub.py-INFO:[timm/resnet50.a1_in1k] Safe alternative available for 'pytorch_model.bin' (as 'model.safetensors'). Loading weights using safetensors.]
[2025-06-07 09:43:01 AM-_builder.py-INFO:Missing keys (fc.weight, fc.bias) discovered while loading pretrained weights. This is expected if model is being adapted.]
[2025-06-07 09:43:01 AM-_builder.py-INFO:Loading pretrained weights from Hugging Face hub (timm/resnet50.a1_in1k)]
[2025-06-07 09:43:02 AM-_hub.py-INFO:[timm/resnet50.a1_in1k] Safe alternative available for 'pytorch_model.bin' (as 'model.safetensors'). Loading weights using safetensors.]
[2025-06-07 09:43:02 AM-_builder.py-INFO:Missing keys (fc.weight, fc.bias) discovered while loading pretrained weights. This is expected if model is being adapted.]
[2025-06-07 09:43:03 AM-train_semi_single_withsmall.py-INFO:>>> current lr: 9.889536113510169e-05]
[2025-06-07 09:43:05 AM-train_semi_single_withsmall.py-INFO:[Train Info]:Epoch [001/300], Step [0001/2020], Total_loss: 3.5918 Loss1: 3.5918 Loss2: 0.0000 ]
[2025-06-07 09:43:21 AM-train_semi_single_withsmall.py-INFO:[Train Info]:Epoch [001/300], Step [0020/2020], Total_loss: 2.8938 Loss1: 2.8938 Loss2: 0.0000 ]
[2025-06-07 09:43:38 AM-train_semi_single_withsmall.py-INFO:[Train Info]:Epoch [001/300], Step [0040/2020], Total_loss: 3.0011 Loss1: 3.0011 Loss2: 0.0000 ]
[2025-06-07 10:41:40 AM-train_semi_single_withsmall.py-INFO:Network-Train]
[2025-06-07 10:41:40 AM-train_semi_single_withsmall.py-INFO:Config: epoch: 300; lr: 0.0001; batchsize: 2; trainsize: 384; clip: 0.5; decay_rate: 0.1; load: None; save_path: ./snapshot/model_new/; decay_epoch: 80]
[2025-06-07 10:41:45 AM-_builder.py-INFO:Loading pretrained weights from Hugging Face hub (timm/resnet50.a1_in1k)]
[2025-06-07 10:41:45 AM-_hub.py-INFO:[timm/resnet50.a1_in1k] Safe alternative available for 'pytorch_model.bin' (as 'model.safetensors'). Loading weights using safetensors.]
[2025-06-07 10:41:45 AM-_builder.py-INFO:Missing keys (fc.weight, fc.bias) discovered while loading pretrained weights. This is expected if model is being adapted.]
[2025-06-07 10:41:46 AM-_builder.py-INFO:Loading pretrained weights from Hugging Face hub (timm/resnet50.a1_in1k)]
[2025-06-07 10:41:47 AM-_hub.py-INFO:[timm/resnet50.a1_in1k] Safe alternative available for 'pytorch_model.bin' (as 'model.safetensors'). Loading weights using safetensors.]
[2025-06-07 10:41:47 AM-_builder.py-INFO:Missing keys (fc.weight, fc.bias) discovered while loading pretrained weights. This is expected if model is being adapted.]
[2025-06-07 10:41:47 AM-_builder.py-INFO:Loading pretrained weights from Hugging Face hub (timm/resnet50.a1_in1k)]
[2025-06-07 10:41:48 AM-_hub.py-INFO:[timm/resnet50.a1_in1k] Safe alternative available for 'pytorch_model.bin' (as 'model.safetensors'). Loading weights using safetensors.]
[2025-06-07 10:41:48 AM-_builder.py-INFO:Missing keys (fc.weight, fc.bias) discovered while loading pretrained weights. This is expected if model is being adapted.]
[2025-06-07 10:41:49 AM-train_semi_single_withsmall.py-INFO:>>> current lr: 9.889536113510169e-05]
[2025-06-07 10:42:48 AM-train_semi_single_withsmall.py-INFO:Network-Train]
[2025-06-07 10:42:48 AM-train_semi_single_withsmall.py-INFO:Config: epoch: 300; lr: 0.0001; batchsize: 2; trainsize: 384; clip: 0.5; decay_rate: 0.1; load: None; save_path: ./snapshot/model_new/; decay_epoch: 80]
[2025-06-07 10:42:53 AM-_builder.py-INFO:Loading pretrained weights from Hugging Face hub (timm/resnet50.a1_in1k)]
[2025-06-07 10:42:54 AM-_hub.py-INFO:[timm/resnet50.a1_in1k] Safe alternative available for 'pytorch_model.bin' (as 'model.safetensors'). Loading weights using safetensors.]
[2025-06-07 10:42:54 AM-_builder.py-INFO:Missing keys (fc.weight, fc.bias) discovered while loading pretrained weights. This is expected if model is being adapted.]
[2025-06-07 10:42:54 AM-_builder.py-INFO:Loading pretrained weights from Hugging Face hub (timm/resnet50.a1_in1k)]
[2025-06-07 10:42:55 AM-_hub.py-INFO:[timm/resnet50.a1_in1k] Safe alternative available for 'pytorch_model.bin' (as 'model.safetensors'). Loading weights using safetensors.]
[2025-06-07 10:42:55 AM-_builder.py-INFO:Missing keys (fc.weight, fc.bias) discovered while loading pretrained weights. This is expected if model is being adapted.]
[2025-06-07 10:42:56 AM-_builder.py-INFO:Loading pretrained weights from Hugging Face hub (timm/resnet50.a1_in1k)]
[2025-06-07 10:42:56 AM-_hub.py-INFO:[timm/resnet50.a1_in1k] Safe alternative available for 'pytorch_model.bin' (as 'model.safetensors'). Loading weights using safetensors.]
[2025-06-07 10:42:56 AM-_builder.py-INFO:Missing keys (fc.weight, fc.bias) discovered while loading pretrained weights. This is expected if model is being adapted.]
[2025-06-07 10:42:57 AM-train_semi_single_withsmall.py-INFO:>>> current lr: 9.889536113510169e-05]
[2025-06-07 10:43:45 AM-train_semi_single_withsmall.py-INFO:Network-Train]
[2025-06-07 10:43:45 AM-train_semi_single_withsmall.py-INFO:Config: epoch: 300; lr: 0.0001; batchsize: 2; trainsize: 384; clip: 0.5; decay_rate: 0.1; load: None; save_path: ./snapshot/model_new/; decay_epoch: 80]
[2025-06-07 10:43:48 AM-_builder.py-INFO:Loading pretrained weights from Hugging Face hub (timm/resnet50.a1_in1k)]
[2025-06-07 10:43:49 AM-_hub.py-INFO:[timm/resnet50.a1_in1k] Safe alternative available for 'pytorch_model.bin' (as 'model.safetensors'). Loading weights using safetensors.]
[2025-06-07 10:43:49 AM-_builder.py-INFO:Missing keys (fc.weight, fc.bias) discovered while loading pretrained weights. This is expected if model is being adapted.]
[2025-06-07 10:43:49 AM-_builder.py-INFO:Loading pretrained weights from Hugging Face hub (timm/resnet50.a1_in1k)]
[2025-06-07 10:43:50 AM-_hub.py-INFO:[timm/resnet50.a1_in1k] Safe alternative available for 'pytorch_model.bin' (as 'model.safetensors'). Loading weights using safetensors.]
[2025-06-07 10:43:50 AM-_builder.py-INFO:Missing keys (fc.weight, fc.bias) discovered while loading pretrained weights. This is expected if model is being adapted.]
[2025-06-07 10:43:50 AM-_builder.py-INFO:Loading pretrained weights from Hugging Face hub (timm/resnet50.a1_in1k)]
[2025-06-07 10:43:51 AM-_hub.py-INFO:[timm/resnet50.a1_in1k] Safe alternative available for 'pytorch_model.bin' (as 'model.safetensors'). Loading weights using safetensors.]
[2025-06-07 10:43:51 AM-_builder.py-INFO:Missing keys (fc.weight, fc.bias) discovered while loading pretrained weights. This is expected if model is being adapted.]
[2025-06-07 10:43:52 AM-train_semi_single_withsmall.py-INFO:>>> current lr: 9.889536113510169e-05]
[2025-06-07 10:45:55 AM-train_semi_single_withsmall.py-INFO:Network-Train]
[2025-06-07 10:45:55 AM-train_semi_single_withsmall.py-INFO:Config: epoch: 300; lr: 0.0001; batchsize: 2; trainsize: 384; clip: 0.5; decay_rate: 0.1; load: None; save_path: ./snapshot/model_new/; decay_epoch: 80]
[2025-06-07 10:45:58 AM-_builder.py-INFO:Loading pretrained weights from Hugging Face hub (timm/resnet50.a1_in1k)]
[2025-06-07 10:45:59 AM-_hub.py-INFO:[timm/resnet50.a1_in1k] Safe alternative available for 'pytorch_model.bin' (as 'model.safetensors'). Loading weights using safetensors.]
[2025-06-07 10:45:59 AM-_builder.py-INFO:Missing keys (fc.weight, fc.bias) discovered while loading pretrained weights. This is expected if model is being adapted.]
[2025-06-07 10:45:59 AM-_builder.py-INFO:Loading pretrained weights from Hugging Face hub (timm/resnet50.a1_in1k)]
[2025-06-07 10:46:00 AM-_hub.py-INFO:[timm/resnet50.a1_in1k] Safe alternative available for 'pytorch_model.bin' (as 'model.safetensors'). Loading weights using safetensors.]
[2025-06-07 10:46:00 AM-_builder.py-INFO:Missing keys (fc.weight, fc.bias) discovered while loading pretrained weights. This is expected if model is being adapted.]
[2025-06-07 10:46:00 AM-_builder.py-INFO:Loading pretrained weights from Hugging Face hub (timm/resnet50.a1_in1k)]
[2025-06-07 10:46:01 AM-_hub.py-INFO:[timm/resnet50.a1_in1k] Safe alternative available for 'pytorch_model.bin' (as 'model.safetensors'). Loading weights using safetensors.]
[2025-06-07 10:46:01 AM-_builder.py-INFO:Missing keys (fc.weight, fc.bias) discovered while loading pretrained weights. This is expected if model is being adapted.]
[2025-06-07 10:46:02 AM-train_semi_single_withsmall.py-INFO:>>> current lr: 9.889536113510169e-05]
[2025-06-07 10:48:03 AM-train_semi_single_withsmall.py-INFO:Network-Train]
[2025-06-07 10:48:03 AM-train_semi_single_withsmall.py-INFO:Config: epoch: 300; lr: 0.0001; batchsize: 2; trainsize: 384; clip: 0.5; decay_rate: 0.1; load: None; save_path: ./snapshot/model_new/; decay_epoch: 80]
[2025-06-07 10:48:04 AM-_builder.py-INFO:Loading pretrained weights from Hugging Face hub (timm/resnet50.a1_in1k)]
[2025-06-07 10:48:13 AM-train_semi_single_withsmall.py-INFO:Network-Train]
[2025-06-07 10:48:13 AM-train_semi_single_withsmall.py-INFO:Config: epoch: 300; lr: 0.0001; batchsize: 2; trainsize: 384; clip: 0.5; decay_rate: 0.1; load: None; save_path: ./snapshot/model_new/; decay_epoch: 80]
[2025-06-07 10:48:15 AM-_builder.py-INFO:Loading pretrained weights from Hugging Face hub (timm/resnet50.a1_in1k)]
[2025-06-07 10:48:15 AM-_hub.py-INFO:[timm/resnet50.a1_in1k] Safe alternative available for 'pytorch_model.bin' (as 'model.safetensors'). Loading weights using safetensors.]
[2025-06-07 10:48:15 AM-_builder.py-INFO:Missing keys (fc.weight, fc.bias) discovered while loading pretrained weights. This is expected if model is being adapted.]
[2025-06-07 10:48:16 AM-_builder.py-INFO:Loading pretrained weights from Hugging Face hub (timm/resnet50.a1_in1k)]
[2025-06-07 10:48:16 AM-_hub.py-INFO:[timm/resnet50.a1_in1k] Safe alternative available for 'pytorch_model.bin' (as 'model.safetensors'). Loading weights using safetensors.]
[2025-06-07 10:48:16 AM-_builder.py-INFO:Missing keys (fc.weight, fc.bias) discovered while loading pretrained weights. This is expected if model is being adapted.]
[2025-06-07 10:48:17 AM-_builder.py-INFO:Loading pretrained weights from Hugging Face hub (timm/resnet50.a1_in1k)]
[2025-06-07 10:48:19 AM-_hub.py-INFO:[timm/resnet50.a1_in1k] Safe alternative available for 'pytorch_model.bin' (as 'model.safetensors'). Loading weights using safetensors.]
[2025-06-07 10:48:19 AM-_builder.py-INFO:Missing keys (fc.weight, fc.bias) discovered while loading pretrained weights. This is expected if model is being adapted.]
[2025-06-07 10:48:19 AM-train_semi_single_withsmall.py-INFO:>>> current lr: 9.889536113510169e-05]
[2025-06-07 10:48:21 AM-train_semi_single_withsmall.py-INFO:[Train Info]:Epoch [001/300], Step [0001/2020], Total_loss: 3.9383 Loss1: 3.9383 Loss2: 0.0000 ]
[2025-06-07 10:48:39 AM-train_semi_single_withsmall.py-INFO:[Train Info]:Epoch [001/300], Step [0020/2020], Total_loss: 3.2364 Loss1: 2.9501 Loss2: 0.2863 ]
[2025-06-07 10:48:56 AM-train_semi_single_withsmall.py-INFO:[Train Info]:Epoch [001/300], Step [0040/2020], Total_loss: 2.7651 Loss1: 2.7651 Loss2: 0.0000 ]
[2025-06-07 10:49:16 AM-train_semi_single_withsmall.py-INFO:Network-Train]
[2025-06-07 10:49:16 AM-train_semi_single_withsmall.py-INFO:Config: epoch: 300; lr: 0.0001; batchsize: 2; trainsize: 384; clip: 0.5; decay_rate: 0.1; load: None; save_path: ./snapshot/model_new/; decay_epoch: 80]
[2025-06-07 10:49:19 AM-_builder.py-INFO:Loading pretrained weights from Hugging Face hub (timm/resnet50.a1_in1k)]
[2025-06-07 10:49:20 AM-_hub.py-INFO:[timm/resnet50.a1_in1k] Safe alternative available for 'pytorch_model.bin' (as 'model.safetensors'). Loading weights using safetensors.]
[2025-06-07 10:49:20 AM-_builder.py-INFO:Missing keys (fc.weight, fc.bias) discovered while loading pretrained weights. This is expected if model is being adapted.]
[2025-06-07 10:49:21 AM-_builder.py-INFO:Loading pretrained weights from Hugging Face hub (timm/resnet50.a1_in1k)]
[2025-06-07 10:49:21 AM-_hub.py-INFO:[timm/resnet50.a1_in1k] Safe alternative available for 'pytorch_model.bin' (as 'model.safetensors'). Loading weights using safetensors.]
[2025-06-07 10:49:21 AM-_builder.py-INFO:Missing keys (fc.weight, fc.bias) discovered while loading pretrained weights. This is expected if model is being adapted.]
[2025-06-07 10:49:22 AM-_builder.py-INFO:Loading pretrained weights from Hugging Face hub (timm/resnet50.a1_in1k)]
[2025-06-07 10:49:22 AM-_hub.py-INFO:[timm/resnet50.a1_in1k] Safe alternative available for 'pytorch_model.bin' (as 'model.safetensors'). Loading weights using safetensors.]
[2025-06-07 10:49:22 AM-_builder.py-INFO:Missing keys (fc.weight, fc.bias) discovered while loading pretrained weights. This is expected if model is being adapted.]
[2025-06-07 10:49:23 AM-train_semi_single_withsmall.py-INFO:>>> current lr: 9.889536113510169e-05]
[2025-06-07 10:49:50 AM-train_semi_single_withsmall.py-INFO:[Train Info]:Epoch [001/300], Step [0001/2020], Total_loss: 4.5503 Loss1: 3.9951 Loss2: 0.5553 ]
[2025-06-07 10:51:00 AM-train_semi_single_withsmall.py-INFO:Network-Train]
[2025-06-07 10:51:00 AM-train_semi_single_withsmall.py-INFO:Config: epoch: 300; lr: 0.0001; batchsize: 2; trainsize: 384; clip: 0.5; decay_rate: 0.1; load: None; save_path: ./snapshot/model_new/; decay_epoch: 80]
[2025-06-07 10:51:02 AM-_builder.py-INFO:Loading pretrained weights from Hugging Face hub (timm/resnet50.a1_in1k)]
[2025-06-07 10:51:02 AM-_hub.py-INFO:[timm/resnet50.a1_in1k] Safe alternative available for 'pytorch_model.bin' (as 'model.safetensors'). Loading weights using safetensors.]
[2025-06-07 10:51:02 AM-_builder.py-INFO:Missing keys (fc.weight, fc.bias) discovered while loading pretrained weights. This is expected if model is being adapted.]
[2025-06-07 10:51:03 AM-_builder.py-INFO:Loading pretrained weights from Hugging Face hub (timm/resnet50.a1_in1k)]
[2025-06-07 10:51:03 AM-_hub.py-INFO:[timm/resnet50.a1_in1k] Safe alternative available for 'pytorch_model.bin' (as 'model.safetensors'). Loading weights using safetensors.]
[2025-06-07 10:51:03 AM-_builder.py-INFO:Missing keys (fc.weight, fc.bias) discovered while loading pretrained weights. This is expected if model is being adapted.]
[2025-06-07 10:51:04 AM-_builder.py-INFO:Loading pretrained weights from Hugging Face hub (timm/resnet50.a1_in1k)]
[2025-06-07 10:51:04 AM-_hub.py-INFO:[timm/resnet50.a1_in1k] Safe alternative available for 'pytorch_model.bin' (as 'model.safetensors'). Loading weights using safetensors.]
[2025-06-07 10:51:04 AM-_builder.py-INFO:Missing keys (fc.weight, fc.bias) discovered while loading pretrained weights. This is expected if model is being adapted.]
[2025-06-07 10:51:05 AM-train_semi_single_withsmall.py-INFO:>>> current lr: 9.889536113510169e-05]
[2025-06-07 10:51:07 AM-train_semi_single_withsmall.py-INFO:[Train Info]:Epoch [001/300], Step [0001/2020], Total_loss: 4.4834 Loss1: 3.8721 Loss2: 0.6113 ]
[2025-06-07 10:51:23 AM-train_semi_single_withsmall.py-INFO:[Train Info]:Epoch [001/300], Step [0020/2020], Total_loss: 3.5439 Loss1: 3.5439 Loss2: 0.0000 ]
[2025-06-07 10:51:39 AM-train_semi_single_withsmall.py-INFO:[Train Info]:Epoch [001/300], Step [0040/2020], Total_loss: 2.5123 Loss1: 2.5123 Loss2: 0.0000 ]
[2025-06-07 10:51:58 AM-train_semi_single_withsmall.py-INFO:[Train Info]:Epoch [001/300], Step [0060/2020], Total_loss: 2.4007 Loss1: 2.4007 Loss2: 0.0000 ]
[2025-06-07 10:52:17 AM-train_semi_single_withsmall.py-INFO:[Train Info]:Epoch [001/300], Step [0080/2020], Total_loss: 2.2015 Loss1: 2.2015 Loss2: 0.0000 ]
[2025-06-07 10:52:36 AM-train_semi_single_withsmall.py-INFO:[Train Info]:Epoch [001/300], Step [0100/2020], Total_loss: 3.1546 Loss1: 3.1546 Loss2: 0.0000 ]
[2025-06-07 10:52:54 AM-train_semi_single_withsmall.py-INFO:[Train Info]:Epoch [001/300], Step [0120/2020], Total_loss: 2.2271 Loss1: 2.2271 Loss2: 0.0000 ]
[2025-06-07 10:53:12 AM-train_semi_single_withsmall.py-INFO:[Train Info]:Epoch [001/300], Step [0140/2020], Total_loss: 2.6909 Loss1: 2.6909 Loss2: 0.0000 ]
[2025-06-07 10:53:31 AM-train_semi_single_withsmall.py-INFO:[Train Info]:Epoch [001/300], Step [0160/2020], Total_loss: 2.7043 Loss1: 2.7043 Loss2: 0.0000 ]
[2025-06-07 10:53:49 AM-train_semi_single_withsmall.py-INFO:[Train Info]:Epoch [001/300], Step [0180/2020], Total_loss: 2.3943 Loss1: 2.3943 Loss2: 0.0000 ]
[2025-06-07 10:54:07 AM-train_semi_single_withsmall.py-INFO:[Train Info]:Epoch [001/300], Step [0200/2020], Total_loss: 2.7104 Loss1: 2.7104 Loss2: 0.0000 ]
[2025-06-07 10:54:25 AM-train_semi_single_withsmall.py-INFO:[Train Info]:Epoch [001/300], Step [0220/2020], Total_loss: 2.2602 Loss1: 2.2602 Loss2: 0.0000 ]
[2025-06-07 10:54:45 AM-train_semi_single_withsmall.py-INFO:[Train Info]:Epoch [001/300], Step [0240/2020], Total_loss: 2.3012 Loss1: 2.3012 Loss2: 0.0000 ]
[2025-06-07 10:55:03 AM-train_semi_single_withsmall.py-INFO:[Train Info]:Epoch [001/300], Step [0260/2020], Total_loss: 2.2021 Loss1: 2.2021 Loss2: 0.0000 ]
[2025-06-07 10:55:22 AM-train_semi_single_withsmall.py-INFO:[Train Info]:Epoch [001/300], Step [0280/2020], Total_loss: 3.6541 Loss1: 3.6541 Loss2: 0.0000 ]
[2025-06-07 10:55:42 AM-train_semi_single_withsmall.py-INFO:[Train Info]:Epoch [001/300], Step [0300/2020], Total_loss: 2.2875 Loss1: 2.2875 Loss2: 0.0000 ]
[2025-06-07 10:56:00 AM-train_semi_single_withsmall.py-INFO:[Train Info]:Epoch [001/300], Step [0320/2020], Total_loss: 2.7815 Loss1: 2.7815 Loss2: 0.0000 ]
[2025-06-07 10:56:18 AM-train_semi_single_withsmall.py-INFO:[Train Info]:Epoch [001/300], Step [0340/2020], Total_loss: 2.8883 Loss1: 2.8883 Loss2: 0.0000 ]
[2025-06-07 10:56:36 AM-train_semi_single_withsmall.py-INFO:[Train Info]:Epoch [001/300], Step [0360/2020], Total_loss: 3.0143 Loss1: 3.0143 Loss2: 0.0000 ]
[2025-06-07 10:56:54 AM-train_semi_single_withsmall.py-INFO:[Train Info]:Epoch [001/300], Step [0380/2020], Total_loss: 2.9712 Loss1: 2.9712 Loss2: 0.0000 ]
[2025-06-07 10:57:13 AM-train_semi_single_withsmall.py-INFO:[Train Info]:Epoch [001/300], Step [0400/2020], Total_loss: 2.0890 Loss1: 2.0890 Loss2: 0.0000 ]
